Remember that you can report errors and get help in https://github.com/NicoSantangelo/sublime-gulp

03-27-2015 23:51:

/Users/mattnewell/Library/Application Support/Sublime Text 3/Packages/Gulp/write_tasks_to_cache.js:23
        throw ex;
              ^
Error: Cannot find module 'gulp'
    at Function.Module._resolveFilename (module.js:338:15)
    at Function.Module._load (module.js:280:25)
    at Module.require (module.js:364:17)
    at require (module.js:380:17)
    at Object.<anonymous> (/Users/mattnewell/Projects/material-media/.sublime-gulp-tmp.js:3:12)
    at Module._compile (module.js:456:26)
    at Object.Module._extensions..js (module.js:474:10)
    at Module.load (module.js:356:32)
    at Function.Module._load (module.js:312:12)
    at Module.require (module.js:364:17)


03-27-2015 23:51:

/Users/mattnewell/Library/Application Support/Sublime Text 3/Packages/Gulp/write_tasks_to_cache.js:23
        throw ex;
              ^
Error: Cannot find module 'gulp'
    at Function.Module._resolveFilename (module.js:338:15)
    at Function.Module._load (module.js:280:25)
    at Module.require (module.js:364:17)
    at require (module.js:380:17)
    at Object.<anonymous> (/Users/mattnewell/Projects/material-media/.sublime-gulp-tmp.js:3:12)
    at Module._compile (module.js:456:26)
    at Object.Module._extensions..js (module.js:474:10)
    at Module.load (module.js:356:32)
    at Function.Module._load (module.js:312:12)
    at Module.require (module.js:364:17)


03-27-2015 23:52:

/Users/mattnewell/Library/Application Support/Sublime Text 3/Packages/Gulp/write_tasks_to_cache.js:23
        throw ex;
              ^
Error: Cannot find module 'gulp'
    at Function.Module._resolveFilename (module.js:338:15)
    at Function.Module._load (module.js:280:25)
    at Module.require (module.js:364:17)
    at require (module.js:380:17)
    at Object.<anonymous> (/Users/mattnewell/Projects/material-media/.sublime-gulp-tmp.js:3:12)
    at Module._compile (module.js:456:26)
    at Object.Module._extensions..js (module.js:474:10)
    at Module.load (module.js:356:32)
    at Function.Module._load (module.js:312:12)
    at Module.require (module.js:364:17)


03-27-2015 23:52:

/Users/mattnewell/Library/Application Support/Sublime Text 3/Packages/Gulp/write_tasks_to_cache.js:23
        throw ex;
              ^
Error: Cannot find module 'gulp'
    at Function.Module._resolveFilename (module.js:338:15)
    at Function.Module._load (module.js:280:25)
    at Module.require (module.js:364:17)
    at require (module.js:380:17)
    at Object.<anonymous> (/Users/mattnewell/Projects/material-media/.sublime-gulp-tmp.js:3:12)
    at Module._compile (module.js:456:26)
    at Object.Module._extensions..js (module.js:474:10)
    at Module.load (module.js:356:32)
    at Function.Module._load (module.js:312:12)
    at Module.require (module.js:364:17)


03-27-2015 23:52:

/Users/mattnewell/Library/Application Support/Sublime Text 3/Packages/Gulp/write_tasks_to_cache.js:23
        throw ex;
              ^
Error: Cannot find module 'gulp'
    at Function.Module._resolveFilename (module.js:338:15)
    at Function.Module._load (module.js:280:25)
    at Module.require (module.js:364:17)
    at require (module.js:380:17)
    at Object.<anonymous> (/Users/mattnewell/Projects/material-media/.sublime-gulp-tmp.js:3:12)
    at Module._compile (module.js:456:26)
    at Object.Module._extensions..js (module.js:474:10)
    at Module.load (module.js:356:32)
    at Function.Module._load (module.js:312:12)
    at Module.require (module.js:364:17)


03-27-2015 23:52:

/Users/mattnewell/Library/Application Support/Sublime Text 3/Packages/Gulp/write_tasks_to_cache.js:23
        throw ex;
              ^
Error: Cannot find module 'gulp'
    at Function.Module._resolveFilename (module.js:338:15)
    at Function.Module._load (module.js:280:25)
    at Module.require (module.js:364:17)
    at require (module.js:380:17)
    at Object.<anonymous> (/Users/mattnewell/Projects/material-media/.sublime-gulp-tmp.js:3:12)
    at Module._compile (module.js:456:26)
    at Object.Module._extensions..js (module.js:474:10)
    at Module.load (module.js:356:32)
    at Function.Module._load (module.js:312:12)
    at Module.require (module.js:364:17)


03-27-2015 23:53:

/Users/mattnewell/Library/Application Support/Sublime Text 3/Packages/Gulp/write_tasks_to_cache.js:23
        throw ex;
              ^
Error: Cannot find module 'gulp'
    at Function.Module._resolveFilename (module.js:338:15)
    at Function.Module._load (module.js:280:25)
    at Module.require (module.js:364:17)
    at require (module.js:380:17)
    at Object.<anonymous> (/Users/mattnewell/Projects/material-media/.sublime-gulp-tmp.js:3:12)
    at Module._compile (module.js:456:26)
    at Object.Module._extensions..js (module.js:474:10)
    at Module.load (module.js:356:32)
    at Function.Module._load (module.js:312:12)
    at Module.require (module.js:364:17)


03-27-2015 23:53:

/Users/mattnewell/Library/Application Support/Sublime Text 3/Packages/Gulp/write_tasks_to_cache.js:23
        throw ex;
              ^
Error: Cannot find module 'gulp'
    at Function.Module._resolveFilename (module.js:338:15)
    at Function.Module._load (module.js:280:25)
    at Module.require (module.js:364:17)
    at require (module.js:380:17)
    at Object.<anonymous> (/Users/mattnewell/Projects/material-media/.sublime-gulp-tmp.js:3:12)
    at Module._compile (module.js:456:26)
    at Object.Module._extensions..js (module.js:474:10)
    at Module.load (module.js:356:32)
    at Function.Module._load (module.js:312:12)
    at Module.require (module.js:364:17)
